2017-02-20 13:09:31,051 [jmeterRun.ControllerJMeter.main()] INFO API functional test report - LogMessage=API functional test Started  ...
2017-02-20 13:09:31,072 [jmeterRun.ControllerJMeter.main()] INFO API functional test report - LogMessage=D:\RohitJ\Dump\workspace\RESTApiAutomation\Resources/JMX_Modules/sanity/sanityTestingBeta.jmx JMX file does not exist.
2017-02-20 13:09:31,093 [jmeterRun.ControllerJMeter.main()] INFO API functional test report - LogMessage=Executed Jmeter Functional TestCase(s).
2017-02-20 13:10:23,859 [jmeterRun.ControllerJMeter.main()] INFO API functional test report - LogMessage=API functional test Started  ...
2017-02-20 13:10:29,834 [jmeterRun.ControllerJMeter.main()] INFO API functional test report - LogMessage=Executed Jmeter Functional TestCase(s).
2017-02-20 13:14:03,765 [jmeterRun.ControllerJMeter.main()] INFO API functional test report - LogMessage=API functional test Started  ...
2017-02-20 13:14:21,193 [jmeterRun.ControllerJMeter.main()] INFO API functional test report - LogMessage=Executed Jmeter Functional TestCase(s).
2017-02-20 13:18:51,181 [jmeterRun.ControllerJMeter.main()] INFO API functional test report - LogMessage=API functional test Started  ...
2017-02-20 13:19:02,277 [jmeterRun.ControllerJMeter.main()] INFO API functional test report - LogMessage=Executed Jmeter Functional TestCase(s).
2017-02-20 13:22:49,420 [jmeterRun.ControllerJMeter.main()] INFO API functional test report - LogMessage=API functional test Started  ...
2017-02-20 13:22:52,743 [jmeterRun.ControllerJMeter.main()] INFO API functional test report - LogMessage=Executed Jmeter Functional TestCase(s).
2017-02-20 13:24:16,046 [jmeterRun.ControllerJMeter.main()] INFO API functional test report - LogMessage=API functional test Started  ...
2017-02-20 13:24:30,314 [jmeterRun.ControllerJMeter.main()] INFO API functional test report - LogMessage=Executed Jmeter Functional TestCase(s).
2017-02-20 13:31:06,391 [jmeterRun.ControllerJMeter.main()] INFO API functional test report - LogMessage=API functional test Started  ...
2017-02-20 13:31:21,410 [jmeterRun.ControllerJMeter.main()] ERROR API functional test report - LogMessage=Some error occurred. Exception:For input string: "99.9"
2017-02-20 13:36:10,201 [jmeterRun.ControllerJMeter.main()] INFO API functional test report - LogMessage=API functional test Started  ...
2017-02-20 13:36:25,433 [jmeterRun.ControllerJMeter.main()] INFO API functional test report - LogMessage=Executed Jmeter Functional TestCase(s).
2017-02-20 13:37:25,933 [jmeterRun.ControllerJMeter.main()] INFO API functional test report - LogMessage=API functional test Started  ...
2017-02-20 13:37:40,454 [jmeterRun.ControllerJMeter.main()] INFO API functional test report - LogMessage=Executed Jmeter Functional TestCase(s).
2017-02-20 15:12:13,483 [jmeterRun.ControllerJMeter.main()] INFO API functional test report - LogMessage=API functional test Started  ...
2017-02-20 15:12:24,209 [jmeterRun.ControllerJMeter.main()] INFO API functional test report - LogMessage=Executed Jmeter Functional TestCase(s).
2017-02-20 15:13:11,332 [jmeterRun.ControllerJMeter.main()] INFO API functional test report - LogMessage=API functional test Started  ...
2017-02-20 15:13:23,689 [jmeterRun.ControllerJMeter.main()] INFO API functional test report - LogMessage=Executed Jmeter Functional TestCase(s).
2017-02-20 15:15:46,578 [jmeterRun.ControllerJMeter.main()] INFO API functional test report - LogMessage=API functional test Started  ...
2017-02-20 15:16:06,196 [jmeterRun.ControllerJMeter.main()] INFO API functional test report - LogMessage=Executed Jmeter Functional TestCase(s).
2017-05-24 10:57:18,916 [jmeterRun.ControllerJMeter.main()] INFO API functional test report - LogMessage=API functional test Started  ...
2017-05-24 10:57:54,636 [jmeterRun.ControllerJMeter.main()] INFO API functional test report - LogMessage=Archived report(s) with zipper name:D:\RohitJ\Dump\workspace\RESTApiAutomation/jmeter_reports/archived_24_May_2017_10_57_53.zip
2017-05-24 10:57:54,679 [jmeterRun.ControllerJMeter.main()] INFO API functional test report - LogMessage=Archived report(s) earlier then 7 days.
2017-05-24 10:57:54,679 [jmeterRun.ControllerJMeter.main()] INFO API functional test report - LogMessage=Executed Jmeter Functional TestCase(s).
2017-05-29 17:49:44,123 [jmeterRun.ControllerJMeter.main()] INFO API functional test report - LogMessage=API functional test Started  ...
2017-05-29 17:50:18,206 [jmeterRun.ControllerJMeter.main()] INFO API functional test report - LogMessage=Executed Jmeter Functional TestCase(s).
2017-09-27 19:41:38,202 [jmeterRun.ControllerJMeter.main()] INFO API functional test report - LogMessage=API functional test Started  ...
2017-09-27 19:41:39,567 [jmeterRun.ControllerJMeter.main()] ERROR API functional test report - LogMessage=Error while generating summary report file. Exception:javax.xml.transform.TransformerException: com.sun.org.apache.xml.internal.utils.WrappedRuntimeException: /home/rohitj/rohit/workProjects/RESTApiAutomation/jmeter_reports/sanity.xml (No such file or directory)
2017-09-27 19:41:39,572 [jmeterRun.ControllerJMeter.main()] ERROR API functional test report - LogMessage=Error in fetching up data from XML file. Exception:/home/rohitj/rohit/workProjects/RESTApiAutomation/jmeter_reports/sanity.xml (No such file or directory)
2017-09-27 19:41:39,630 [jmeterRun.ControllerJMeter.main()] ERROR API functional test report - LogMessage=Error while generating summary report file. Exception:javax.xml.transform.TransformerException: com.sun.org.apache.xml.internal.utils.WrappedRuntimeException: /home/rohitj/rohit/workProjects/RESTApiAutomation/jmeter_reports/login.xml (No such file or directory)
2017-09-27 19:41:39,631 [jmeterRun.ControllerJMeter.main()] ERROR API functional test report - LogMessage=Error in fetching up data from XML file. Exception:/home/rohitj/rohit/workProjects/RESTApiAutomation/jmeter_reports/login.xml (No such file or directory)
2017-09-27 19:41:40,008 [jmeterRun.ControllerJMeter.main()] ERROR API functional test report - LogMessage=Some error occurred. Exception:/ by zero
2017-09-27 19:51:45,643 [jmeterRun.ControllerJMeter.main()] INFO API functional test report - LogMessage=API functional test Started  ...
2017-09-27 19:51:46,681 [jmeterRun.ControllerJMeter.main()] ERROR API functional test report - LogMessage=Error while generating summary report file. Exception:javax.xml.transform.TransformerException: com.sun.org.apache.xml.internal.utils.WrappedRuntimeException: /home/rohitj/rohit/workProjects/RESTApiAutomation/jmeter_reports/sanity.xml (No such file or directory)
2017-09-27 19:51:46,686 [jmeterRun.ControllerJMeter.main()] ERROR API functional test report - LogMessage=Error in fetching up data from XML file. Exception:/home/rohitj/rohit/workProjects/RESTApiAutomation/jmeter_reports/sanity.xml (No such file or directory)
2017-09-27 19:51:46,743 [jmeterRun.ControllerJMeter.main()] ERROR API functional test report - LogMessage=Error while generating summary report file. Exception:javax.xml.transform.TransformerException: com.sun.org.apache.xml.internal.utils.WrappedRuntimeException: /home/rohitj/rohit/workProjects/RESTApiAutomation/jmeter_reports/login.xml (No such file or directory)
2017-09-27 19:51:46,744 [jmeterRun.ControllerJMeter.main()] ERROR API functional test report - LogMessage=Error in fetching up data from XML file. Exception:/home/rohitj/rohit/workProjects/RESTApiAutomation/jmeter_reports/login.xml (No such file or directory)
2017-09-27 19:51:46,787 [jmeterRun.ControllerJMeter.main()] ERROR API functional test report - LogMessage=Some error occurred. Exception:/ by zero
